>> a4014a00ef0000
<< a4016f20ea
>> a4024d0054bf0000
<< a4016f20ea
>> a4014a00ef0000
<< a40854080800ba3600df52f9
>> a4024d003ed50000
<< a4016f20ea
>> a4094600b9a521fbbd72c345640000
<< a40b3e414a4b322e3034524146009c
>> a40342001000f50000
<< a40340004600a1
>> a405510001001105e50000
<< a40340004200a5
>> a402450039da0000
<< a40340005100b6
>> a4034300f61f0d0000
<< a40340004500a2
>> a402600003c50000
<< a40340004300a4
>> a4014b00ee0000
<< a4034000600087
>> a4094e0050ffff010f008583bb0000
<< a40340004b00ac
>> a40342011000f40000
<< a40340014200a4
>> a4055101020078018a0000
<< a40340015100b7
>> a402450139db0000
<< a40340014500a3
>> a4034301861f7c0000
<< a40340014300a5
>> a402600103c40000
<< a4034001600086
>> a4014b01ef0000
<< a40340014b00ad
>> a4094e01820f010000000048260000
<< a40340000103e5
30 80 283 72
2017-10-09 10:22:39.831 GRADE 0 %
2017-10-09 10:22:39.831 RESISTANCE LEVEL 2030
>> a4094e0050ffff010f008583bb0000
<< a40340000103e5
2017-10-09 10:22:39.960 HEART RATE a4 09 4e 01 82 0f 01 00 02 00 01 48 25 00 00
>> a4094e01820f010002000148250000
<< a40340010103e4a40340000103e5a40340010109eea40340010103e4a40340000109efa40340010103e4a40340000109ef
30 80 283 72
2017-10-09 10:22:40.081 GRADE 0 %
2017-10-09 10:22:40.081 RESISTANCE LEVEL 2030
2017-10-09 10:22:40.081 TRAINER DATA a4 09 4e 00 19 01 50 1b 01 1b 01 30 9b 00 00
>> a4094e001901501b011b01309b0000
<< a40340000103e5
2017-10-09 10:22:40.210 HEART RATE a4 09 4e 01 80 ff ff ff 02 01 02 48 d4 00 00
>> a4094e0180ffffff02010248d40000
<< a40340010109ee
30 80 283 72
2017-10-09 10:22:40.331 GRADE 0 %
2017-10-09 10:22:40.331 RESISTANCE LEVEL 2030
2017-10-09 10:22:40.331 TRAINER DATA a4 09 4e 00 19 02 50 36 02 1b 01 30 b6 00 00
>> a4094e0019025036021b0130b60000
<< a40340010103e4
2017-10-09 10:22:40.460 HEART RATE a4 09 4e 01 80 ff ff ff 02 02 03 48 d6 00 00
>> a4094e0180ffffff02020348d60000
<< a40340000103e5
30 80 283 72
2017-10-09 10:22:40.593 GRADE 0 %
2017-10-09 10:22:40.593 RESISTANCE LEVEL 2030
2017-10-09 10:22:40.593 FE DATA a4 09 4e 00 10 19 03 16 30 75 00 30 8a 00 00
>> a4094e0010190316307500308a0000
<< a40340010103e4
2017-10-09 10:22:40.729 HEART RATE a4 09 4e 01 80 ff ff ff 17 03 04 48 c5 00 00
>> a4094e0180ffffff17030448c50000
<< a40340000103e5
30 80 283 72
2017-10-09 10:22:40.842 GRADE 0 %
2017-10-09 10:22:40.842 RESISTANCE LEVEL 2030
2017-10-09 10:22:40.843 TRAINER DATA a4 09 4e 00 19 04 50 51 03 1b 01 30 d6 00 00
>> a4094e0019045051031b0130d60000
<< a40340010103e4
2017-10-09 10:22:40.970 HEART RATE a4 09 4e 01 00 ff ff ff 0e 04 05 48 5a 00 00
>> a4094e0100ffffff0e0405485a0000
<< a40340000103e5
30 80 283 72
2017-10-09 10:22:41.092 GRADE 0 %
2017-10-09 10:22:41.092 RESISTANCE LEVEL 2030
2017-10-09 10:22:41.092 TRAINER DATA a4 09 4e 00 19 05 50 6c 04 1b 01 30 ed 00 00
>> a4094e001905506c041b0130ed0000
<< a40340010103e4
2017-10-09 10:22:41.220 HEART RATE a4 09 4e 01 00 ff ff ff 0e 05 06 48 58 00 00
>> a4094e0100ffffff0e050648580000
<< a40340000103e5
30 80 283 72
2017-10-09 10:22:41.342 GRADE 0 %
2017-10-09 10:22:41.342 RESISTANCE LEVEL 2030
2017-10-09 10:22:41.342 FE DATA a4 09 4e 00 10 19 06 2d 30 75 00 30 b4 00 00
>> a4094e001019062d30750030b40000
<< a40340010103e4
2017-10-09 10:22:41.470 HEART RATE a4 09 4e 01 00 ff ff ff 0e 06 07 48 5a 00 00
>> a4094e0100ffffff0e0607485a0000
<< a40340000103e5
30 80 283 72
2017-10-09 10:22:41.592 GRADE 0 %
2017-10-09 10:22:41.592 RESISTANCE LEVEL 2030
2017-10-09 10:22:41.592 TRAINER DATA a4 09 4e 00 19 07 50 87 05 1b 01 30 05 00 00
>> a4094e0019075087051b0130050000
<< a40340010103e4
2017-10-09 10:22:41.720 HEART RATE a4 09 4e 01 00 ff ff ff 0e 07 08 48 54 00 00
>> a4094e0100ffffff0e070848540000
<< a40340000103e5
30 80 283 72
2017-10-09 10:22:41.842 GRADE 0 %
2017-10-09 10:22:41.842 RESISTANCE LEVEL 2030
2017-10-09 10:22:41.842 TRAINER DATA a4 09 4e 00 19 08 50 a2 06 1b 01 30 2c 00 00
>> a4094e00190850a2061b01302c0000
<< a40340010103e4
2017-10-09 10:22:41.970 HEART RATE a4 09 4e 01 80 ff ff ff 0e 08 09 48 da 00 00
>> a4094e0180ffffff0e080948da0000
<< a40340000103e5
30 80 283 72
2017-10-09 10:22:42.092 GRADE 0 %
2017-10-09 10:22:42.092 RESISTANCE LEVEL 2030
2017-10-09 10:22:42.092 FE DATA a4 09 4e 00 10 19 09 43 30 75 00 30 d5 00 00
>> a4094e001019094330750030d50000
<< a40340010103e4
2017-10-09 10:22:42.220 HEART RATE a4 09 4e 01 80 ff ff ff 0e 09 0a 48 d8 00 00
>> a4094e0180ffffff0e090a48d80000
<< a40340000103e5
30 80 283 72
2017-10-09 10:22:42.342 GRADE 0 %
2017-10-09 10:22:42.342 RESISTANCE LEVEL 2030
2017-10-09 10:22:42.342 TRAINER DATA a4 09 4e 00 19 0a 50 bd 07 1b 01 30 30 00 00
>> a4094e00190a50bd071b0130300000
<< a40340010103e4
2017-10-09 10:22:42.470 HEART RATE a4 09 4e 01 80 ff ff ff 0e 0a 0b 48 da 00 00
>> a4094e0180ffffff0e0a0b48da0000
<< a40340000103e5
30 80 283 72
2017-10-09 10:22:42.592 GRADE 0 %
2017-10-09 10:22:42.592 RESISTANCE LEVEL 2030
2017-10-09 10:22:42.592 TRAINER DATA a4 09 4e 00 19 0b 50 d8 08 1b 01 30 5b 00 00
>> a4094e00190b50d8081b01305b0000
<< a40340010103e4
2017-10-09 10:22:42.720 HEART RATE a4 09 4e 01 80 ff ff ff 0e 0b 0c 48 dc 00 00
>> a4094e0180ffffff0e0b0c48dc0000
<< a40340000103e5
30 80 283 72
2017-10-09 10:22:42.842 GRADE 0 %
2017-10-09 10:22:42.842 RESISTANCE LEVEL 2030
2017-10-09 10:22:42.842 FE DATA a4 09 4e 00 10 19 0c 5a 30 75 00 30 c9 00 00
>> a4094e0010190c5a30750030c90000
<< a40340010103e4
2017-10-09 10:22:42.970 HEART RATE a4 09 4e 01 00 ff ff ff 0e 0c 0d 48 5a 00 00
>> a4094e0100ffffff0e0c0d485a0000
<< a40340000103e5
30 80 283 72
2017-10-09 10:22:43.092 GRADE 0 %
2017-10-09 10:22:43.092 RESISTANCE LEVEL 2030
2017-10-09 10:22:43.092 TRAINER DATA a4 09 4e 00 19 0d 50 f3 09 1b 01 30 77 00 00
>> a4094e00190d50f3091b0130770000
<< a40340010103e4
2017-10-09 10:22:43.220 HEART RATE a4 09 4e 01 00 ff ff ff 0e 0d 0e 48 58 00 00
>> a4094e0100ffffff0e0d0e48580000
<< a40340000103e5
30 80 283 72
2017-10-09 10:22:43.342 GRADE 0 %
2017-10-09 10:22:43.342 RESISTANCE LEVEL 2030
2017-10-09 10:22:43.342 TRAINER DATA a4 09 4e 00 19 0e 50 0e 0b 1b 01 30 8b 00 00
>> a4094e00190e500e0b1b01308b0000
<< a40340010103e4
2017-10-09 10:22:43.470 HEART RATE a4 09 4e 01 00 ff ff ff 0e 0e 0f 48 5a 00 00
>> a4094e0100ffffff0e0e0f485a0000
<< a40340000103e5
30 80 283 72
2017-10-09 10:22:43.592 GRADE 0 %
2017-10-09 10:22:43.592 RESISTANCE LEVEL 2030
2017-10-09 10:22:43.592 FE DATA a4 09 4e 00 10 19 0f 70 30 75 00 30 e0 00 00
>> a4094e0010190f7030750030e00000
<< a40340010103e4
2017-10-09 10:22:43.720 HEART RATE a4 09 4e 01 00 ff ff ff 0e 0f 10 48 44 00 00
>> a4094e0100ffffff0e0f1048440000
<< a40340000103e5
30 80 283 72
2017-10-09 10:22:43.842 GRADE 0 %
2017-10-09 10:22:43.842 RESISTANCE LEVEL 2030
2017-10-09 10:22:43.842 TRAINER DATA a4 09 4e 00 19 10 50 29 0c 1b 01 30 b5 00 00
>> a4094e00191050290c1b0130b50000
<< a40340010103e4
2017-10-09 10:22:43.970 HEART RATE a4 09 4e 01 80 ff ff ff 0e 10 11 48 da 00 00
>> a4094e0180ffffff0e101148da0000
<< a40340000103e5
30 80 283 72
2017-10-09 10:22:44.092 GRADE 0 %
2017-10-09 10:22:44.092 RESISTANCE LEVEL 2030
2017-10-09 10:22:44.092 TRAINER DATA a4 09 4e 00 19 11 50 44 0d 1b 01 30 d8 00 00
>> a4094e00191150440d1b0130d80000
<< a40340010103e4
2017-10-09 10:22:44.220 HEART RATE a4 09 4e 01 80 ff ff ff 0e 11 12 48 d8 00 00
>> a4094e0180ffffff0e111248d80000
<< a40340000103e5
30 80 283 72
2017-10-09 10:22:44.342 GRADE 0 %
2017-10-09 10:22:44.342 RESISTANCE LEVEL 2030
2017-10-09 10:22:44.342 FE DATA a4 09 4e 00 10 19 12 87 30 75 00 30 0a 00 00
>> a4094e0010191287307500300a0000
<< a40340010103e4
2017-10-09 10:22:44.470 HEART RATE a4 09 4e 01 80 ff ff ff 0e 12 13 48 da 00 00
>> a4094e0180ffffff0e121348da0000
<< a40340000103e5
30 80 283 72
2017-10-09 10:22:44.592 GRADE 0 %
2017-10-09 10:22:44.592 RESISTANCE LEVEL 2030
2017-10-09 10:22:44.592 TRAINER DATA a4 09 4e 00 19 13 50 5f 0e 1b 01 30 c2 00 00
>> a4094e001913505f0e1b0130c20000
<< a40340010103e4
2017-10-09 10:22:44.720 HEART RATE a4 09 4e 01 80 ff ff ff 0e 13 14 48 dc 00 00
>> a4094e0180ffffff0e131448dc0000
<< a40340000103e5
30 80 283 72
2017-10-09 10:22:44.842 GRADE 0 %
2017-10-09 10:22:44.842 RESISTANCE LEVEL 2030
2017-10-09 10:22:44.842 TRAINER DATA a4 09 4e 00 19 14 50 7a 0f 1b 01 30 e1 00 00
>> a4094e001914507a0f1b0130e10000
<< a40340010103e4
2017-10-09 10:22:44.970 HEART RATE a4 09 4e 01 00 ff ff ff 0e 14 15 48 5a 00 00
>> a4094e0100ffffff0e1415485a0000
<< a40340000103e5
30 80 283 72
2017-10-09 10:22:45.092 GRADE 0 %
2017-10-09 10:22:45.092 RESISTANCE LEVEL 2030
2017-10-09 10:22:45.092 FE DATA a4 09 4e 00 10 19 15 9d 30 75 00 30 17 00 00
>> a4094e001019159d30750030170000
<< a40340010103e4
2017-10-09 10:22:45.220 HEART RATE a4 09 4e 01 00 ff ff ff 0e 15 16 48 58 00 00
>> a4094e0100ffffff0e151648580000
<< a40340000103e5
30 80 283 72
2017-10-09 10:22:45.343 GRADE 0 %
2017-10-09 10:22:45.343 RESISTANCE LEVEL 2030
2017-10-09 10:22:45.343 TRAINER DATA a4 09 4e 00 19 16 50 95 10 1b 01 30 13 00 00
>> a4094e0019165095101b0130130000
<< a40340010103e4
2017-10-09 10:22:45.471 HEART RATE a4 09 4e 01 00 ff ff ff 0f 16 17 48 5b 00 00
>> a4094e0100ffffff0f1617485b0000
<< a40340000103e5
30 80 283 72
2017-10-09 10:22:45.593 GRADE 0 %
2017-10-09 10:22:45.593 RESISTANCE LEVEL 2030
2017-10-09 10:22:45.593 TRAINER DATA a4 09 4e 00 19 17 50 b0 11 1b 01 30 36 00 00
>> a4094e00191750b0111b0130360000
<< a40340010103e4
2017-10-09 10:22:45.721 HEART RATE a4 09 4e 01 00 ff ff ff 0f 17 18 48 55 00 00
>> a4094e0100ffffff0f171848550000
<< a40340000103e5
30 80 283 72
2017-10-09 10:22:45.843 GRADE 0 %
2017-10-09 10:22:45.843 RESISTANCE LEVEL 2030
2017-10-09 10:22:45.843 FE DATA a4 09 4e 00 10 19 18 b4 30 75 00 30 33 00 00
>> a4094e00101918b430750030330000
<< a40340010103e4
2017-10-09 10:22:45.971 HEART RATE a4 09 4e 01 80 ff ff ff 0f 18 19 48 db 00 00
>> a4094e0180ffffff0f181948db0000
<< a40340000103e5
30 80 283 72
2017-10-09 10:22:46.093 GRADE 0 %
2017-10-09 10:22:46.093 RESISTANCE LEVEL 2030
2017-10-09 10:22:46.093 TRAINER DATA a4 09 4e 00 19 19 50 cb 12 1b 01 30 40 00 00
>> a4094e00191950cb121b0130400000
<< a40340010103e4
2017-10-09 10:22:46.221 HEART RATE a4 09 4e 01 80 ff ff ff 0f 19 1a 48 d9 00 00
>> a4094e0180ffffff0f191a48d90000
<< a40340000103e5
30 80 283 72
2017-10-09 10:22:46.343 GRADE 0 %
2017-10-09 10:22:46.343 RESISTANCE LEVEL 2030
2017-10-09 10:22:46.343 TRAINER DATA a4 09 4e 00 19 1a 50 e6 13 1b 01 30 6f 00 00
>> a4094e00191a50e6131b01306f0000
<< a40340010103e4
2017-10-09 10:22:46.472 HEART RATE a4 09 4e 01 80 ff ff ff 0f 1a 1b 48 db 00 00
>> a4094e0180ffffff0f1a1b48db0000
<< a40340000103e5
30 80 283 72
2017-10-09 10:22:46.593 GRADE 0 %
2017-10-09 10:22:46.593 RESISTANCE LEVEL 2030
2017-10-09 10:22:46.593 FE DATA a4 09 4e 00 10 19 1b ca 30 75 00 30 4e 00 00
>> a4094e0010191bca307500304e0000
<< a40340010103e4
2017-10-09 10:22:46.722 HEART RATE a4 09 4e 01 80 ff ff ff 0f 1b 1c 48 dd 00 00
>> a4094e0180ffffff0f1b1c48dd0000
<< a40340000103e5
30 80 283 72
2017-10-09 10:22:46.843 GRADE 0 %
2017-10-09 10:22:46.843 RESISTANCE LEVEL 2030
2017-10-09 10:22:46.843 TRAINER DATA a4 09 4e 00 19 1c 50 01 15 1b 01 30 88 00 00
>> a4094e00191c5001151b0130880000
<< a40340010103e4
2017-10-09 10:22:46.972 HEART RATE a4 09 4e 01 00 ff ff ff 0f 1c 1d 48 5b 00 00
>> a4094e0100ffffff0f1c1d485b0000
<< a40340000103e5
30 80 283 72
2017-10-09 10:22:47.093 GRADE 0 %
2017-10-09 10:22:47.093 RESISTANCE LEVEL 2030
2017-10-09 10:22:47.093 TRAINER DATA a4 09 4e 00 19 1d 50 1c 16 1b 01 30 97 00 00
>> a4094e00191d501c161b0130970000
<< a40340010103e4
2017-10-09 10:22:47.222 HEART RATE a4 09 4e 01 00 ff ff ff 0f 1d 1e 48 59 00 00
>> a4094e0100ffffff0f1d1e48590000
<< a40340000103e5
30 80 283 72
2017-10-09 10:22:47.343 GRADE 0 %
2017-10-09 10:22:47.343 RESISTANCE LEVEL 2030
2017-10-09 10:22:47.344 FE DATA a4 09 4e 00 10 19 1e e1 30 75 00 30 60 00 00
>> a4094e0010191ee130750030600000
<< a40340010103e4
2017-10-09 10:22:47.472 HEART RATE a4 09 4e 01 00 ff ff ff 0f 1e 1f 48 5b 00 00
>> a4094e0100ffffff0f1e1f485b0000
<< a40340000103e5
30 80 283 72
2017-10-09 10:22:47.593 GRADE 0 %
2017-10-09 10:22:47.593 RESISTANCE LEVEL 2030
2017-10-09 10:22:47.593 TRAINER DATA a4 09 4e 00 19 1f 50 37 17 1b 01 30 bf 00 00
>> a4094e00191f5037171b0130bf0000
<< a40340010103e4
2017-10-09 10:22:47.722 HEART RATE a4 09 4e 01 00 ff ff ff 0f 1f 20 48 65 00 00
>> a4094e0100ffffff0f1f2048650000
<< a40340000103e5
>> a4014a00ef0000
<< a40340010103e4
