0x1932
2017-11-02 12:45:19.199 TRAINER RX DATA 0ea90e00000200000c0000000000000000000d0a000000000313020000000000000000000f040f046bf300000000025564000000000000000000000000000000
2017-11-02 12:45:19.199 TRAINER TX DATA -3273 01 08 01 00 37 f3 00 00 02 52 10 04
2017-11-02 12:45:19.448 TRAINER RX DATA 0ea90e00000200000c0000000000000000000d0a00000000030c0000021900000000000000000000356900000000025564000000000000000000000000000000
2017-11-02 12:45:19.448 TRAINER TX DATA -3268 01 08 01 00 3c f3 00 00 02 52 10 04
2017-11-02 12:45:19.698 TRAINER RX DATA 0ea90e00000200000c0000000000000000000d0a000000000313020000000000000000000f040f0437f300000000025564000000000000000000000000000000
2017-11-02 12:45:19.698 TRAINER TX DATA -3263 01 08 01 00 41 f3 00 00 02 52 10 04
2017-11-02 12:45:19.948 TRAINER RX DATA 0ea90e00000200000c0000000000000000000d0a000000000313020000000000000000000f040f043cf300000000025564000000000000000000000000000000
2017-11-02 12:45:19.948 TRAINER TX DATA -3258 01 08 01 00 46 f3 00 00 02 52 10 04
2017-11-02 12:45:20.198 TRAINER RX DATA 0ea90e00000200000c0000000000000000000d0a000000000313020000000000000000000f040f0441f300000000025564000000000000000000000000000000
2017-11-02 12:45:20.198 TRAINER TX DATA -3251 01 08 01 00 4d f3 00 00 02 52 10 04
2017-11-02 12:45:20.459 TRAINER RX DATA 0ea90e00000200000c0000000000000000000d0a000000000313020000000000000000000f040f0446f300000000025564000000000000000000000000000000
2017-11-02 12:45:20.459 TRAINER TX DATA -3246 01 08 01 00 52 f3 00 00 02 52 10 04
2017-11-02 12:45:20.708 TRAINER RX DATA 0ea90e00000200000c0000000000000000000d0a000000000313020000000000000000000f040f044df300000000025564000000000000000000000000000000
2017-11-02 12:45:20.708 TRAINER TX DATA -3241 01 08 01 00 57 f3 00 00 02 52 10 04
2017-11-02 12:45:20.958 TRAINER RX DATA 0ea90e00000200000c0000000000000000000d0a000000000313020000000000000000000f040f0452f300000000025564000000000000000000000000000000
2017-11-02 12:45:20.958 TRAINER TX DATA -3236 01 08 01 00 5c f3 00 00 02 52 10 04
2017-11-02 12:45:21.212 TRAINER RX DATA 0ea90e00000200000c0000000000000000000d0a000000000313020000000000000000000f040f0457f300000000025564000000000000000000000000000000
2017-11-02 12:45:21.212 TRAINER TX DATA -3231 01 08 01 00 61 f3 00 00 02 52 10 04
2017-11-02 12:45:21.461 TRAINER RX DATA 0ea90e00000200000c0000000000000000000d0a000000000313020000000000000000000f040f045cf300000000025564000000000000000000000000000000
2017-11-02 12:45:21.462 TRAINER TX DATA -3226 01 08 01 00 66 f3 00 00 02 52 10 04
2017-11-02 12:45:21.711 TRAINER RX DATA 0ea90e00000200000c0000000000000000000d0a000000000313020000000000000000000f040f0461f300000000025564000000000000000000000000000000
2017-11-02 12:45:21.711 TRAINER TX DATA -3221 01 08 01 00 6b f3 00 00 02 52 10 04
2017-11-02 12:45:21.962 TRAINER RX DATA 0ea90e00000200000c0000000000000000000d0a000000000313020000000000000000000f040f0466f300000000025564000000000000000000000000000000
2017-11-02 12:45:21.962 TRAINER TX DATA -3216 01 08 01 00 70 f3 00 00 02 52 10 04
2017-11-02 12:45:22.211 TRAINER RX DATA 0ea90e00000200000c0000000000000000000d0a000000000313020000000000000000000f040f046bf300000000025564000000000000000000000000000000
2017-11-02 12:45:22.211 TRAINER TX DATA -3211 01 08 01 00 75 f3 00 00 02 52 10 04
2017-11-02 12:45:22.462 TRAINER RX DATA 0ea90e00000200000c0000000000000000000d0a000000000313020000000000000000000f040f0470f300000000025564000000000000000000000000000000
2017-11-02 12:45:22.462 TRAINER TX DATA -3206 01 08 01 00 7a f3 00 00 02 52 10 04
2017-11-02 12:45:22.712 TRAINER RX DATA 0ea90e00000200000c0000000000000000000d0a000000000313020000000000000000000f040f0475f300000000025564000000000000000000000000000000
2017-11-02 12:45:22.712 TRAINER TX DATA -3201 01 08 01 00 7f f3 00 00 02 52 10 04
2017-11-02 12:45:22.962 TRAINER RX DATA 0ea90e00000200000c0000000000000000000d0a000000000313020000000000000000000f040f047af300000000025564000000000000000000000000000000
2017-11-02 12:45:22.962 TRAINER TX DATA -3196 01 08 01 00 84 f3 00 00 02 52 10 04
2017-11-02 12:45:23.212 TRAINER RX DATA 0ea90e00000200000c0000000000000000000d0a000000000313020000000000000000000f040f047ff300000000025564000000000000000000000000000000
2017-11-02 12:45:23.212 TRAINER TX DATA -3191 01 08 01 00 89 f3 00 00 02 52 10 04
2017-11-02 12:45:23.463 TRAINER RX DATA 0ea90e00000200000c0000000000000000000d0a000000000313020000000000000000000f040f0484f300000000025564000000000000000000000000000000
2017-11-02 12:45:23.463 TRAINER TX DATA -3186 01 08 01 00 8e f3 00 00 02 52 10 04
2017-11-02 12:45:23.712 TRAINER RX DATA 0ea90e00000200000c0000000000000000000d0a000000000313020000000000000000000f040f0489f300000000025564000000000000000000000000000000
2017-11-02 12:45:23.712 TRAINER TX DATA -3181 01 08 01 00 93 f3 00 00 02 52 10 04
2017-11-02 12:45:23.962 TRAINER RX DATA 0ea90e00000200000c0000000000000000000d0a000000000313020000000000000000000f040f048ef300000000025564000000000000000000000000000000
2017-11-02 12:45:23.962 TRAINER TX DATA -3176 01 08 01 00 98 f3 00 00 02 52 10 04
2017-11-02 12:45:24.212 TRAINER RX DATA 0ea90e00000200000c0000000000000000000d0a000000000313020000000000000000000f040f0493f300000000025564000000000000000000000000000000
2017-11-02 12:45:24.212 TRAINER TX DATA -3171 01 08 01 00 9d f3 00 00 02 52 10 04
2017-11-02 12:45:24.462 TRAINER RX DATA 0ea90e00000200000c0000000000000000000d0a000000000313020000000000000000000f040f0498f300000000025564000000000000000000000000000000
2017-11-02 12:45:24.462 TRAINER TX DATA -3166 01 08 01 00 a2 f3 00 00 02 52 10 04
2017-11-02 12:45:24.712 TRAINER RX DATA 0ea90e00000200000c0000000000000000000d0a000000000313020000000000000000000f040f049df300000000025564000000000000000000000000000000
2017-11-02 12:45:24.712 TRAINER TX DATA -3161 01 08 01 00 a7 f3 00 00 02 52 10 04
2017-11-02 12:45:24.962 TRAINER RX DATA 0ea90e00000200000c0000000000000000000d0a000000000313020000000000000000000f040f04a2f300000000025564000000000000000000000000000000
2017-11-02 12:45:24.962 TRAINER TX DATA -3156 01 08 01 00 ac f3 00 00 02 52 10 04
2017-11-02 12:45:25.212 TRAINER RX DATA 0ea90e00000200000c0000000000000000000d0a000000000313020000000000000000000f040f04a7f300000000025564000000000000000000000000000000
2017-11-02 12:45:25.212 TRAINER TX DATA -3151 01 08 01 00 b1 f3 00 00 02 52 10 04
2017-11-02 12:45:25.462 TRAINER RX DATA 0ea90e00000200000c0000000000000000000d0a000000000313020000000000000000000f040f04acf300000000025564000000000000000000000000000000
2017-11-02 12:45:25.462 TRAINER TX DATA -3146 01 08 01 00 b6 f3 00 00 02 52 10 04
2017-11-02 12:45:25.712 TRAINER RX DATA 0ea90e00000200000c0000000000000000000d0a000000000313020000000000000000000f040f04b1f300000000025564000000000000000000000000000000
2017-11-02 12:45:25.712 TRAINER TX DATA -3141 01 08 01 00 bb f3 00 00 02 52 10 04
2017-11-02 12:45:25.962 TRAINER RX DATA 0ea90e00000200000c0000000000000000000d0a000000000313020000000000000000000f040f04b6f300000000025564000000000000000000000000000000
2017-11-02 12:45:25.962 TRAINER TX DATA -3136 01 08 01 00 c0 f3 00 00 02 52 10 04
